09:32:23 [INFO ] Iniciando execução: msi3_login_session
09:32:23 [INFO ] Evidências em: evidence\2026-04-13\msi3_login_session\
09:32:26 [INFO ] [MW01] INICIANDO — abrir página de login
09:32:27 [INFO ] [MW01] OK | 1192ms | screenshot: evidence\2026-04-13\msi3_login_session\MW01_pagina.png
09:32:27 [INFO ] [MW02] INICIANDO — preencher campo usuário
09:32:28 [INFO ] [MW02] OK | 756ms | screenshot: evidence\2026-04-13\msi3_login_session\MW02_usuario.png
09:32:28 [INFO ] [MW03] INICIANDO — preencher campo senha
09:32:29 [INFO ] [MW03] OK | 720ms | screenshot: evidence\2026-04-13\msi3_login_session\MW03_senha.png
09:32:29 [INFO ] [MW04] INICIANDO — submeter formulário de login
09:32:33 [INFO ] [MW04] OK | 4472ms | screenshot: evidence\2026-04-13\msi3_login_session\MW04_submetido.png
09:32:33 [INFO ] [MW05] INICIANDO — validar login bem-sucedido
09:32:33 [INFO ] [MW05] OK | 105ms | screenshot: evidence\2026-04-13\msi3_login_session\MW05_principal.png
09:32:33 [INFO ] Flow LoginFlowMsi3 — PASSOU | 5/5 steps OK | 7245ms total
09:32:33 [INFO ] Execução finalizada — PASSOU | 5/5 steps OK | 10.0s total
09:32:33 [INFO ] Relatório JSON salvo em: evidence\2026-04-13\msi3_login_session\execution.json
09:32:33 [INFO ] Relatório HTML salvo em: evidence\2026-04-13\msi3_login_session\report.html
09:46:55 [INFO ] Iniciando execução: msi3_login_session
09:46:55 [INFO ] Evidências em: evidence\2026-04-13\msi3_login_session\
09:46:57 [INFO ] [MW01] INICIANDO — abrir página de login
09:46:59 [INFO ] [MW01] OK | 1283ms | screenshot: evidence\2026-04-13\msi3_login_session\MW01_pagina.png
09:46:59 [INFO ] [MW02] INICIANDO — preencher campo usuário
09:46:59 [INFO ] [MW02] OK | 784ms | screenshot: evidence\2026-04-13\msi3_login_session\MW02_usuario.png
09:46:59 [INFO ] [MW03] INICIANDO — preencher campo senha
09:47:00 [INFO ] [MW03] OK | 726ms | screenshot: evidence\2026-04-13\msi3_login_session\MW03_senha.png
09:47:00 [INFO ] [MW04] INICIANDO — submeter formulário de login
09:47:04 [INFO ] [MW04] OK | 4348ms | screenshot: evidence\2026-04-13\msi3_login_session\MW04_submetido.png
09:47:04 [INFO ] [MW05] INICIANDO — validar login bem-sucedido
09:47:05 [INFO ] [MW05] OK | 96ms | screenshot: evidence\2026-04-13\msi3_login_session\MW05_principal.png
09:47:05 [INFO ] Flow LoginFlowMsi3 — PASSOU | 5/5 steps OK | 7236ms total
09:47:05 [INFO ] Execução finalizada — PASSOU | 5/5 steps OK | 9.8s total
09:47:05 [INFO ] Relatório JSON salvo em: evidence\2026-04-13\msi3_login_session\execution.json
09:47:05 [INFO ] Relatório HTML salvo em: evidence\2026-04-13\msi3_login_session\report.html
