07:51:04 [INFO ] Iniciando execução: msi3_login_session
07:51:04 [INFO ] Evidências em: evidence\2026-04-27\msi3_login_session\
07:51:08 [INFO ] [MW01] INICIANDO — abrir página de login
07:51:09 [INFO ] [MW01] OK | 1335ms | screenshot: evidence\2026-04-27\msi3_login_session\MW01_pagina.png
07:51:09 [INFO ] [MW02] INICIANDO — preencher campo usuário
07:51:10 [INFO ] [MW02] OK | 713ms | screenshot: evidence\2026-04-27\msi3_login_session\MW02_usuario.png
07:51:10 [INFO ] [MW03] INICIANDO — preencher campo senha
07:51:10 [INFO ] [MW03] OK | 724ms | screenshot: evidence\2026-04-27\msi3_login_session\MW03_senha.png
07:51:10 [INFO ] [MW04] INICIANDO — submeter formulário de login
07:51:13 [INFO ] [MW04] OK | 2423ms | screenshot: evidence\2026-04-27\msi3_login_session\MW04_submetido.png
07:51:13 [INFO ] [MW05] INICIANDO — validar login bem-sucedido
07:51:16 [INFO ] [MW05] OK | 2890ms | screenshot: evidence\2026-04-27\msi3_login_session\MW05_principal.png
07:51:16 [INFO ] Flow LoginFlowMsi3 — PASSOU | 5/5 steps OK | 8084ms total
07:51:16 [INFO ] Execução finalizada — PASSOU | 5/5 steps OK | 12.1s total
07:51:16 [INFO ] Relatório JSON salvo em: evidence\2026-04-27\msi3_login_session\execution.json
07:51:16 [INFO ] Relatório HTML salvo em: evidence\2026-04-27\msi3_login_session\report.html
07:52:22 [INFO ] Iniciando execução: msi3_login_session
07:52:22 [INFO ] Evidências em: evidence\2026-04-27\msi3_login_session\
07:52:27 [INFO ] [MW01] INICIANDO — abrir página de login
07:52:28 [INFO ] [MW01] OK | 1450ms | screenshot: evidence\2026-04-27\msi3_login_session\MW01_pagina.png
07:52:28 [INFO ] [MW02] INICIANDO — preencher campo usuário
07:52:29 [INFO ] [MW02] OK | 718ms | screenshot: evidence\2026-04-27\msi3_login_session\MW02_usuario.png
07:52:29 [INFO ] [MW03] INICIANDO — preencher campo senha
07:52:30 [INFO ] [MW03] OK | 721ms | screenshot: evidence\2026-04-27\msi3_login_session\MW03_senha.png
07:52:30 [INFO ] [MW04] INICIANDO — submeter formulário de login
07:52:34 [INFO ] [MW04] OK | 4368ms | screenshot: evidence\2026-04-27\msi3_login_session\MW04_submetido.png
07:52:34 [INFO ] [MW05] INICIANDO — validar login bem-sucedido
07:52:34 [INFO ] [MW05] OK | 97ms | screenshot: evidence\2026-04-27\msi3_login_session\MW05_principal.png
07:52:34 [INFO ] Flow LoginFlowMsi3 — PASSOU | 5/5 steps OK | 7354ms total
07:52:34 [INFO ] Execução finalizada — PASSOU | 5/5 steps OK | 11.7s total
07:52:34 [INFO ] Relatório JSON salvo em: evidence\2026-04-27\msi3_login_session\execution.json
07:52:34 [INFO ] Relatório HTML salvo em: evidence\2026-04-27\msi3_login_session\report.html
07:57:32 [INFO ] Iniciando execução: msi3_login_session
07:57:32 [INFO ] Evidências em: evidence\2026-04-27\msi3_login_session\
07:57:35 [INFO ] [MW01] INICIANDO — abrir página de login
07:57:36 [INFO ] [MW01] OK | 1165ms | screenshot: evidence\2026-04-27\msi3_login_session\MW01_pagina.png
07:57:36 [INFO ] [MW02] INICIANDO — preencher campo usuário
07:57:37 [INFO ] [MW02] OK | 741ms | screenshot: evidence\2026-04-27\msi3_login_session\MW02_usuario.png
07:57:37 [INFO ] [MW03] INICIANDO — preencher campo senha
07:57:38 [INFO ] [MW03] OK | 703ms | screenshot: evidence\2026-04-27\msi3_login_session\MW03_senha.png
07:57:38 [INFO ] [MW04] INICIANDO — submeter formulário de login
07:57:42 [INFO ] [MW04] OK | 4330ms | screenshot: evidence\2026-04-27\msi3_login_session\MW04_submetido.png
07:57:42 [INFO ] [MW05] INICIANDO — validar login bem-sucedido
07:57:42 [INFO ] [MW05] OK | 100ms | screenshot: evidence\2026-04-27\msi3_login_session\MW05_principal.png
07:57:42 [INFO ] Flow LoginFlowMsi3 — PASSOU | 5/5 steps OK | 7039ms total
07:57:42 [INFO ] Execução finalizada — PASSOU | 5/5 steps OK | 9.8s total
07:57:42 [INFO ] Relatório JSON salvo em: evidence\2026-04-27\msi3_login_session\execution.json
07:57:42 [INFO ] Relatório HTML salvo em: evidence\2026-04-27\msi3_login_session\report.html
08:18:42 [INFO ] Iniciando execução: msi3_login_session
08:18:42 [INFO ] Evidências em: evidence\2026-04-27\msi3_login_session\
08:18:45 [INFO ] [MW01] INICIANDO — abrir página de login
08:18:46 [INFO ] [MW01] OK | 1284ms | screenshot: evidence\2026-04-27\msi3_login_session\MW01_pagina.png
08:18:46 [INFO ] [MW02] INICIANDO — preencher campo usuário
08:18:47 [INFO ] [MW02] OK | 720ms | screenshot: evidence\2026-04-27\msi3_login_session\MW02_usuario.png
08:18:47 [INFO ] [MW03] INICIANDO — preencher campo senha
08:18:48 [INFO ] [MW03] OK | 706ms | screenshot: evidence\2026-04-27\msi3_login_session\MW03_senha.png
08:18:48 [INFO ] [MW04] INICIANDO — submeter formulário de login
08:19:02 [INFO ] [MW04] OK | 14551ms | screenshot: evidence\2026-04-27\msi3_login_session\MW04_submetido.png
08:19:02 [INFO ] [MW05] INICIANDO — validar login bem-sucedido
08:19:02 [INFO ] [MW05] OK | 101ms | screenshot: evidence\2026-04-27\msi3_login_session\MW05_principal.png
08:19:02 [INFO ] Flow LoginFlowMsi3 — PASSOU | 5/5 steps OK | 17363ms total
08:19:02 [INFO ] Execução finalizada — PASSOU | 5/5 steps OK | 20.5s total
08:19:02 [INFO ] Relatório JSON salvo em: evidence\2026-04-27\msi3_login_session\execution.json
08:19:02 [INFO ] Relatório HTML salvo em: evidence\2026-04-27\msi3_login_session\report.html
08:59:29 [INFO ] Iniciando execução: msi3_login_session
08:59:29 [INFO ] Evidências em: evidence\2026-04-27\msi3_login_session\
08:59:32 [INFO ] [MW01] INICIANDO — abrir página de login
08:59:33 [INFO ] [MW01] OK | 1287ms | screenshot: evidence\2026-04-27\msi3_login_session\MW01_pagina.png
08:59:33 [INFO ] [MW02] INICIANDO — preencher campo usuário
08:59:34 [INFO ] [MW02] OK | 706ms | screenshot: evidence\2026-04-27\msi3_login_session\MW02_usuario.png
08:59:34 [INFO ] [MW03] INICIANDO — preencher campo senha
08:59:35 [INFO ] [MW03] OK | 704ms | screenshot: evidence\2026-04-27\msi3_login_session\MW03_senha.png
08:59:35 [INFO ] [MW04] INICIANDO — submeter formulário de login
08:59:47 [INFO ] [MW04] OK | 12497ms | screenshot: evidence\2026-04-27\msi3_login_session\MW04_submetido.png
08:59:47 [INFO ] [MW05] INICIANDO — validar login bem-sucedido
08:59:47 [INFO ] [MW05] OK | 92ms | screenshot: evidence\2026-04-27\msi3_login_session\MW05_principal.png
08:59:47 [INFO ] Flow LoginFlowMsi3 — PASSOU | 5/5 steps OK | 15287ms total
08:59:47 [INFO ] Execução finalizada — PASSOU | 5/5 steps OK | 18.5s total
08:59:47 [INFO ] Relatório JSON salvo em: evidence\2026-04-27\msi3_login_session\execution.json
08:59:47 [INFO ] Relatório HTML salvo em: evidence\2026-04-27\msi3_login_session\report.html
09:08:06 [INFO ] Iniciando execução: msi3_login_session
09:08:06 [INFO ] Evidências em: evidence\2026-04-27\msi3_login_session\
09:08:11 [INFO ] [MW01] INICIANDO — abrir página de login
09:08:12 [INFO ] [MW01] OK | 1377ms | screenshot: evidence\2026-04-27\msi3_login_session\MW01_pagina.png
09:08:12 [INFO ] [MW02] INICIANDO — preencher campo usuário
09:08:13 [INFO ] [MW02] OK | 759ms | screenshot: evidence\2026-04-27\msi3_login_session\MW02_usuario.png
09:08:13 [INFO ] [MW03] INICIANDO — preencher campo senha
09:08:14 [INFO ] [MW03] OK | 707ms | screenshot: evidence\2026-04-27\msi3_login_session\MW03_senha.png
09:08:14 [INFO ] [MW04] INICIANDO — submeter formulário de login
09:08:26 [INFO ] [MW04] OK | 12579ms | screenshot: evidence\2026-04-27\msi3_login_session\MW04_submetido.png
09:08:26 [INFO ] [MW05] INICIANDO — validar login bem-sucedido
09:08:26 [INFO ] [MW05] OK | 97ms | screenshot: evidence\2026-04-27\msi3_login_session\MW05_principal.png
09:08:26 [INFO ] Flow LoginFlowMsi3 — PASSOU | 5/5 steps OK | 15518ms total
09:08:26 [INFO ] Execução finalizada — PASSOU | 5/5 steps OK | 20.0s total
09:08:26 [INFO ] Relatório JSON salvo em: evidence\2026-04-27\msi3_login_session\execution.json
09:08:26 [INFO ] Relatório HTML salvo em: evidence\2026-04-27\msi3_login_session\report.html
09:09:17 [INFO ] Iniciando execução: msi3_login_session
09:09:17 [INFO ] Evidências em: evidence\2026-04-27\msi3_login_session\
09:09:20 [INFO ] [MW01] INICIANDO — abrir página de login
09:09:21 [INFO ] [MW01] OK | 1175ms | screenshot: evidence\2026-04-27\msi3_login_session\MW01_pagina.png
09:09:21 [INFO ] [MW02] INICIANDO — preencher campo usuário
09:09:22 [INFO ] [MW02] OK | 795ms | screenshot: evidence\2026-04-27\msi3_login_session\MW02_usuario.png
09:09:22 [INFO ] [MW03] INICIANDO — preencher campo senha
09:09:23 [INFO ] [MW03] OK | 716ms | screenshot: evidence\2026-04-27\msi3_login_session\MW03_senha.png
09:09:23 [INFO ] [MW04] INICIANDO — submeter formulário de login
09:09:35 [INFO ] [MW04] OK | 12498ms | screenshot: evidence\2026-04-27\msi3_login_session\MW04_submetido.png
09:09:35 [INFO ] [MW05] INICIANDO — validar login bem-sucedido
09:09:35 [INFO ] [MW05] OK | 102ms | screenshot: evidence\2026-04-27\msi3_login_session\MW05_principal.png
09:09:35 [INFO ] Flow LoginFlowMsi3 — PASSOU | 5/5 steps OK | 15286ms total
09:09:35 [INFO ] Execução finalizada — PASSOU | 5/5 steps OK | 18.0s total
09:09:35 [INFO ] Relatório JSON salvo em: evidence\2026-04-27\msi3_login_session\execution.json
09:09:35 [INFO ] Relatório HTML salvo em: evidence\2026-04-27\msi3_login_session\report.html
09:15:05 [INFO ] Iniciando execução: msi3_login_session
09:15:05 [INFO ] Evidências em: evidence\2026-04-27\msi3_login_session\
09:15:09 [INFO ] [MW01] INICIANDO — abrir página de login
09:15:11 [INFO ] [MW01] OK | 1188ms | screenshot: evidence\2026-04-27\msi3_login_session\MW01_pagina.png
09:15:11 [INFO ] [MW02] INICIANDO — preencher campo usuário
09:15:11 [INFO ] [MW02] OK | 718ms | screenshot: evidence\2026-04-27\msi3_login_session\MW02_usuario.png
09:15:11 [INFO ] [MW03] INICIANDO — preencher campo senha
09:15:12 [INFO ] [MW03] OK | 710ms | screenshot: evidence\2026-04-27\msi3_login_session\MW03_senha.png
09:15:12 [INFO ] [MW04] INICIANDO — submeter formulário de login
09:15:24 [INFO ] [MW04] OK | 12555ms | screenshot: evidence\2026-04-27\msi3_login_session\MW04_submetido.png
09:15:24 [INFO ] [MW05] INICIANDO — validar login bem-sucedido
09:15:25 [INFO ] [MW05] OK | 97ms | screenshot: evidence\2026-04-27\msi3_login_session\MW05_principal.png
09:15:25 [INFO ] Flow LoginFlowMsi3 — PASSOU | 5/5 steps OK | 15268ms total
09:15:25 [INFO ] Execução finalizada — PASSOU | 5/5 steps OK | 19.8s total
09:15:25 [INFO ] Relatório JSON salvo em: evidence\2026-04-27\msi3_login_session\execution.json
09:15:25 [INFO ] Relatório HTML salvo em: evidence\2026-04-27\msi3_login_session\report.html
09:20:03 [INFO ] Iniciando execução: msi3_login_session
09:20:03 [INFO ] Evidências em: evidence\2026-04-27\msi3_login_session\
09:20:06 [INFO ] [MW01] INICIANDO — abrir página de login
09:20:07 [INFO ] [MW01] OK | 1232ms | screenshot: evidence\2026-04-27\msi3_login_session\MW01_pagina.png
09:20:07 [INFO ] [MW02] INICIANDO — preencher campo usuário
09:20:08 [INFO ] [MW02] OK | 721ms | screenshot: evidence\2026-04-27\msi3_login_session\MW02_usuario.png
09:20:08 [INFO ] [MW03] INICIANDO — preencher campo senha
09:20:09 [INFO ] [MW03] OK | 709ms | screenshot: evidence\2026-04-27\msi3_login_session\MW03_senha.png
09:20:09 [INFO ] [MW04] INICIANDO — submeter formulário de login
09:20:21 [INFO ] [MW04] OK | 12526ms | screenshot: evidence\2026-04-27\msi3_login_session\MW04_submetido.png
09:20:21 [INFO ] [MW05] INICIANDO — validar login bem-sucedido
09:20:21 [INFO ] [MW05] OK | 102ms | screenshot: evidence\2026-04-27\msi3_login_session\MW05_principal.png
09:20:21 [INFO ] Flow LoginFlowMsi3 — PASSOU | 5/5 steps OK | 15289ms total
09:20:21 [INFO ] Execução finalizada — PASSOU | 5/5 steps OK | 17.9s total
09:20:21 [INFO ] Relatório JSON salvo em: evidence\2026-04-27\msi3_login_session\execution.json
09:20:21 [INFO ] Relatório HTML salvo em: evidence\2026-04-27\msi3_login_session\report.html
09:26:35 [INFO ] Iniciando execução: msi3_login_session
09:26:35 [INFO ] Evidências em: evidence\2026-04-27\msi3_login_session\
09:26:38 [INFO ] [MW01] INICIANDO — abrir página de login
09:26:39 [INFO ] [MW01] OK | 1155ms | screenshot: evidence\2026-04-27\msi3_login_session\MW01_pagina.png
09:26:39 [INFO ] [MW02] INICIANDO — preencher campo usuário
09:26:40 [INFO ] [MW02] OK | 692ms | screenshot: evidence\2026-04-27\msi3_login_session\MW02_usuario.png
09:26:40 [INFO ] [MW03] INICIANDO — preencher campo senha
09:26:40 [INFO ] [MW03] OK | 702ms | screenshot: evidence\2026-04-27\msi3_login_session\MW03_senha.png
09:26:40 [INFO ] [MW04] INICIANDO — submeter formulário de login
09:26:53 [INFO ] [MW04] OK | 12569ms | screenshot: evidence\2026-04-27\msi3_login_session\MW04_submetido.png
09:26:53 [INFO ] [MW05] INICIANDO — validar login bem-sucedido
09:26:53 [INFO ] [MW05] OK | 100ms | screenshot: evidence\2026-04-27\msi3_login_session\MW05_principal.png
09:26:53 [INFO ] Flow LoginFlowMsi3 — PASSOU | 5/5 steps OK | 15218ms total
09:26:53 [INFO ] Execução finalizada — PASSOU | 5/5 steps OK | 17.8s total
09:26:53 [INFO ] Relatório JSON salvo em: evidence\2026-04-27\msi3_login_session\execution.json
09:26:53 [INFO ] Relatório HTML salvo em: evidence\2026-04-27\msi3_login_session\report.html
09:28:12 [INFO ] Iniciando execução: msi3_login_session
09:28:12 [INFO ] Evidências em: evidence\2026-04-27\msi3_login_session\
09:28:15 [INFO ] [MW01] INICIANDO — abrir página de login
09:28:16 [INFO ] [MW01] OK | 1184ms | screenshot: evidence\2026-04-27\msi3_login_session\MW01_pagina.png
09:28:16 [INFO ] [MW02] INICIANDO — preencher campo usuário
09:28:17 [INFO ] [MW02] OK | 777ms | screenshot: evidence\2026-04-27\msi3_login_session\MW02_usuario.png
09:28:17 [INFO ] [MW03] INICIANDO — preencher campo senha
09:28:18 [INFO ] [MW03] OK | 716ms | screenshot: evidence\2026-04-27\msi3_login_session\MW03_senha.png
09:28:18 [INFO ] [MW04] INICIANDO — submeter formulário de login
09:28:30 [INFO ] [MW04] OK | 12482ms | screenshot: evidence\2026-04-27\msi3_login_session\MW04_submetido.png
09:28:30 [INFO ] [MW05] INICIANDO — validar login bem-sucedido
09:28:30 [INFO ] [MW05] OK | 100ms | screenshot: evidence\2026-04-27\msi3_login_session\MW05_principal.png
09:28:30 [INFO ] Flow LoginFlowMsi3 — PASSOU | 5/5 steps OK | 15259ms total
09:28:30 [INFO ] Execução finalizada — PASSOU | 5/5 steps OK | 17.9s total
09:28:30 [INFO ] Relatório JSON salvo em: evidence\2026-04-27\msi3_login_session\execution.json
09:28:30 [INFO ] Relatório HTML salvo em: evidence\2026-04-27\msi3_login_session\report.html
09:43:48 [INFO ] Iniciando execução: msi3_login_session
09:43:48 [INFO ] Evidências em: evidence\2026-04-27\msi3_login_session\
09:43:52 [INFO ] [MW01] INICIANDO — abrir página de login
09:43:53 [INFO ] [MW01] OK | 1117ms | screenshot: evidence\2026-04-27\msi3_login_session\MW01_pagina.png
09:43:53 [INFO ] [MW02] INICIANDO — preencher campo usuário
09:43:54 [INFO ] [MW02] OK | 703ms | screenshot: evidence\2026-04-27\msi3_login_session\MW02_usuario.png
09:43:54 [INFO ] [MW03] INICIANDO — preencher campo senha
09:43:55 [INFO ] [MW03] OK | 710ms | screenshot: evidence\2026-04-27\msi3_login_session\MW03_senha.png
09:43:55 [INFO ] [MW04] INICIANDO — submeter formulário de login
09:44:07 [INFO ] [MW04] OK | 12545ms | screenshot: evidence\2026-04-27\msi3_login_session\MW04_submetido.png
09:44:07 [INFO ] [MW05] INICIANDO — validar login bem-sucedido
09:44:07 [INFO ] [MW05] OK | 104ms | screenshot: evidence\2026-04-27\msi3_login_session\MW05_principal.png
09:44:07 [INFO ] Flow LoginFlowMsi3 — PASSOU | 5/5 steps OK | 15180ms total
09:44:07 [INFO ] Execução finalizada — PASSOU | 5/5 steps OK | 19.8s total
09:44:07 [INFO ] Relatório JSON salvo em: evidence\2026-04-27\msi3_login_session\execution.json
09:44:07 [INFO ] Relatório HTML salvo em: evidence\2026-04-27\msi3_login_session\report.html
09:44:38 [INFO ] Iniciando execução: msi3_login_session
09:44:38 [INFO ] Evidências em: evidence\2026-04-27\msi3_login_session\
09:44:41 [INFO ] [MW01] INICIANDO — abrir página de login
09:44:42 [INFO ] [MW01] OK | 1270ms | screenshot: evidence\2026-04-27\msi3_login_session\MW01_pagina.png
09:44:42 [INFO ] [MW02] INICIANDO — preencher campo usuário
09:44:43 [INFO ] [MW02] OK | 757ms | screenshot: evidence\2026-04-27\msi3_login_session\MW02_usuario.png
09:44:43 [INFO ] [MW03] INICIANDO — preencher campo senha
09:44:44 [INFO ] [MW03] OK | 710ms | screenshot: evidence\2026-04-27\msi3_login_session\MW03_senha.png
09:44:44 [INFO ] [MW04] INICIANDO — submeter formulário de login
09:44:56 [INFO ] [MW04] OK | 12571ms | screenshot: evidence\2026-04-27\msi3_login_session\MW04_submetido.png
09:44:56 [INFO ] [MW05] INICIANDO — validar login bem-sucedido
09:44:56 [INFO ] [MW05] OK | 97ms | screenshot: evidence\2026-04-27\msi3_login_session\MW05_principal.png
09:44:56 [INFO ] Flow LoginFlowMsi3 — PASSOU | 5/5 steps OK | 15405ms total
09:44:56 [INFO ] Execução finalizada — PASSOU | 5/5 steps OK | 18.0s total
09:44:56 [INFO ] Relatório JSON salvo em: evidence\2026-04-27\msi3_login_session\execution.json
09:44:56 [INFO ] Relatório HTML salvo em: evidence\2026-04-27\msi3_login_session\report.html
09:50:37 [INFO ] Iniciando execução: msi3_login_session
09:50:37 [INFO ] Evidências em: evidence\2026-04-27\msi3_login_session\
09:50:42 [INFO ] [MW01] INICIANDO — abrir página de login
09:50:43 [INFO ] [MW01] OK | 1388ms | screenshot: evidence\2026-04-27\msi3_login_session\MW01_pagina.png
09:50:43 [INFO ] [MW02] INICIANDO — preencher campo usuário
09:50:44 [INFO ] [MW02] OK | 710ms | screenshot: evidence\2026-04-27\msi3_login_session\MW02_usuario.png
09:50:44 [INFO ] [MW03] INICIANDO — preencher campo senha
09:50:44 [INFO ] [MW03] OK | 735ms | screenshot: evidence\2026-04-27\msi3_login_session\MW03_senha.png
09:50:44 [INFO ] [MW04] INICIANDO — submeter formulário de login
09:50:57 [INFO ] [MW04] OK | 12447ms | screenshot: evidence\2026-04-27\msi3_login_session\MW04_submetido.png
09:50:57 [INFO ] [MW05] INICIANDO — validar login bem-sucedido
09:50:57 [INFO ] [MW05] OK | 100ms | screenshot: evidence\2026-04-27\msi3_login_session\MW05_principal.png
09:50:57 [INFO ] Flow LoginFlowMsi3 — PASSOU | 5/5 steps OK | 15380ms total
09:50:57 [INFO ] Execução finalizada — PASSOU | 5/5 steps OK | 20.0s total
09:50:57 [INFO ] Relatório JSON salvo em: evidence\2026-04-27\msi3_login_session\execution.json
09:50:57 [INFO ] Relatório HTML salvo em: evidence\2026-04-27\msi3_login_session\report.html
09:51:49 [INFO ] Iniciando execução: msi3_login_session
09:51:49 [INFO ] Evidências em: evidence\2026-04-27\msi3_login_session\
09:51:52 [INFO ] [MW01] INICIANDO — abrir página de login
09:51:53 [INFO ] [MW01] OK | 1304ms | screenshot: evidence\2026-04-27\msi3_login_session\MW01_pagina.png
09:51:53 [INFO ] [MW02] INICIANDO — preencher campo usuário
09:51:54 [INFO ] [MW02] OK | 730ms | screenshot: evidence\2026-04-27\msi3_login_session\MW02_usuario.png
09:51:54 [INFO ] [MW03] INICIANDO — preencher campo senha
09:51:54 [INFO ] [MW03] OK | 722ms | screenshot: evidence\2026-04-27\msi3_login_session\MW03_senha.png
09:51:54 [INFO ] [MW04] INICIANDO — submeter formulário de login
09:52:07 [INFO ] [MW04] OK | 12506ms | screenshot: evidence\2026-04-27\msi3_login_session\MW04_submetido.png
09:52:07 [INFO ] [MW05] INICIANDO — validar login bem-sucedido
09:52:07 [INFO ] [MW05] OK | 94ms | screenshot: evidence\2026-04-27\msi3_login_session\MW05_principal.png
09:52:07 [INFO ] Flow LoginFlowMsi3 — PASSOU | 5/5 steps OK | 15355ms total
09:52:07 [INFO ] Execução finalizada — PASSOU | 5/5 steps OK | 18.2s total
09:52:07 [INFO ] Relatório JSON salvo em: evidence\2026-04-27\msi3_login_session\execution.json
09:52:07 [INFO ] Relatório HTML salvo em: evidence\2026-04-27\msi3_login_session\report.html
09:55:56 [INFO ] Iniciando execução: msi3_login_session
09:55:56 [INFO ] Evidências em: evidence\2026-04-27\msi3_login_session\
09:55:58 [INFO ] [MW01] INICIANDO — abrir página de login
09:56:00 [INFO ] [MW01] OK | 1269ms | screenshot: evidence\2026-04-27\msi3_login_session\MW01_pagina.png
09:56:00 [INFO ] [MW02] INICIANDO — preencher campo usuário
09:56:00 [INFO ] [MW02] OK | 724ms | screenshot: evidence\2026-04-27\msi3_login_session\MW02_usuario.png
09:56:00 [INFO ] [MW03] INICIANDO — preencher campo senha
09:56:01 [INFO ] [MW03] OK | 707ms | screenshot: evidence\2026-04-27\msi3_login_session\MW03_senha.png
09:56:01 [INFO ] [MW04] INICIANDO — submeter formulário de login
09:56:13 [INFO ] [MW04] OK | 12512ms | screenshot: evidence\2026-04-27\msi3_login_session\MW04_submetido.png
09:56:13 [INFO ] [MW05] INICIANDO — validar login bem-sucedido
09:56:14 [INFO ] [MW05] OK | 89ms | screenshot: evidence\2026-04-27\msi3_login_session\MW05_principal.png
09:56:14 [INFO ] Flow LoginFlowMsi3 — PASSOU | 5/5 steps OK | 15301ms total
09:56:14 [INFO ] Execução finalizada — PASSOU | 5/5 steps OK | 18.0s total
09:56:14 [INFO ] Relatório JSON salvo em: evidence\2026-04-27\msi3_login_session\execution.json
09:56:14 [INFO ] Relatório HTML salvo em: evidence\2026-04-27\msi3_login_session\report.html
10:01:44 [INFO ] Iniciando execução: msi3_login_session
10:01:44 [INFO ] Evidências em: evidence\2026-04-27\msi3_login_session\
10:01:47 [INFO ] [MW01] INICIANDO — abrir página de login
10:01:48 [INFO ] [MW01] OK | 1163ms | screenshot: evidence\2026-04-27\msi3_login_session\MW01_pagina.png
10:01:48 [INFO ] [MW02] INICIANDO — preencher campo usuário
10:01:49 [INFO ] [MW02] OK | 720ms | screenshot: evidence\2026-04-27\msi3_login_session\MW02_usuario.png
10:01:49 [INFO ] [MW03] INICIANDO — preencher campo senha
10:01:50 [INFO ] [MW03] OK | 694ms | screenshot: evidence\2026-04-27\msi3_login_session\MW03_senha.png
10:01:50 [INFO ] [MW04] INICIANDO — submeter formulário de login
10:02:02 [INFO ] [MW04] OK | 12498ms | screenshot: evidence\2026-04-27\msi3_login_session\MW04_submetido.png
10:02:02 [INFO ] [MW05] INICIANDO — validar login bem-sucedido
10:02:02 [INFO ] [MW05] OK | 101ms | screenshot: evidence\2026-04-27\msi3_login_session\MW05_principal.png
10:02:02 [INFO ] Flow LoginFlowMsi3 — PASSOU | 5/5 steps OK | 15175ms total
10:02:02 [INFO ] Execução finalizada — PASSOU | 5/5 steps OK | 17.8s total
10:02:02 [INFO ] Relatório JSON salvo em: evidence\2026-04-27\msi3_login_session\execution.json
10:02:02 [INFO ] Relatório HTML salvo em: evidence\2026-04-27\msi3_login_session\report.html
10:02:45 [INFO ] Iniciando execução: msi3_login_session
10:02:45 [INFO ] Evidências em: evidence\2026-04-27\msi3_login_session\
10:02:48 [INFO ] [MW01] INICIANDO — abrir página de login
10:02:49 [INFO ] [MW01] OK | 1264ms | screenshot: evidence\2026-04-27\msi3_login_session\MW01_pagina.png
10:02:49 [INFO ] [MW02] INICIANDO — preencher campo usuário
10:02:50 [INFO ] [MW02] OK | 772ms | screenshot: evidence\2026-04-27\msi3_login_session\MW02_usuario.png
10:02:50 [INFO ] [MW03] INICIANDO — preencher campo senha
10:02:51 [INFO ] [MW03] OK | 709ms | screenshot: evidence\2026-04-27\msi3_login_session\MW03_senha.png
10:02:51 [INFO ] [MW04] INICIANDO — submeter formulário de login
10:03:03 [INFO ] [MW04] OK | 12514ms | screenshot: evidence\2026-04-27\msi3_login_session\MW04_submetido.png
10:03:03 [INFO ] [MW05] INICIANDO — validar login bem-sucedido
10:03:04 [INFO ] [MW05] OK | 101ms | screenshot: evidence\2026-04-27\msi3_login_session\MW05_principal.png
10:03:04 [INFO ] Flow LoginFlowMsi3 — PASSOU | 5/5 steps OK | 15360ms total
10:03:04 [INFO ] Execução finalizada — PASSOU | 5/5 steps OK | 18.1s total
10:03:04 [INFO ] Relatório JSON salvo em: evidence\2026-04-27\msi3_login_session\execution.json
10:03:04 [INFO ] Relatório HTML salvo em: evidence\2026-04-27\msi3_login_session\report.html
12:32:42 [INFO ] Iniciando execução: msi3_login_session
12:32:42 [INFO ] Evidências em: evidence\2026-04-27\msi3_login_session\
12:32:45 [INFO ] [MW01] INICIANDO — abrir página de login
12:32:47 [INFO ] [MW01] OK | 1630ms | screenshot: evidence\2026-04-27\msi3_login_session\MW01_pagina.png
12:32:47 [INFO ] [MW02] INICIANDO — preencher campo usuário
12:32:47 [INFO ] [MW02] OK | 713ms | screenshot: evidence\2026-04-27\msi3_login_session\MW02_usuario.png
12:32:47 [INFO ] [MW03] INICIANDO — preencher campo senha
12:32:48 [INFO ] [MW03] OK | 712ms | screenshot: evidence\2026-04-27\msi3_login_session\MW03_senha.png
12:32:48 [INFO ] [MW04] INICIANDO — submeter formulário de login
12:33:01 [INFO ] [MW04] OK | 12552ms | screenshot: evidence\2026-04-27\msi3_login_session\MW04_submetido.png
12:33:01 [INFO ] [MW05] INICIANDO — validar login bem-sucedido
12:33:01 [INFO ] [MW05] OK | 111ms | screenshot: evidence\2026-04-27\msi3_login_session\MW05_principal.png
12:33:01 [INFO ] Flow LoginFlowMsi3 — PASSOU | 5/5 steps OK | 15718ms total
12:33:01 [INFO ] Execução finalizada — PASSOU | 5/5 steps OK | 19.1s total
12:33:01 [INFO ] Relatório JSON salvo em: evidence\2026-04-27\msi3_login_session\execution.json
12:33:01 [INFO ] Relatório HTML salvo em: evidence\2026-04-27\msi3_login_session\report.html
12:44:44 [INFO ] Iniciando execução: msi3_login_session
12:44:44 [INFO ] Evidências em: evidence\2026-04-27\msi3_login_session\
12:44:47 [INFO ] [MW01] INICIANDO — abrir página de login
12:44:48 [INFO ] [MW01] OK | 1277ms | screenshot: evidence\2026-04-27\msi3_login_session\MW01_pagina.png
12:44:48 [INFO ] [MW02] INICIANDO — preencher campo usuário
12:44:49 [INFO ] [MW02] OK | 743ms | screenshot: evidence\2026-04-27\msi3_login_session\MW02_usuario.png
12:44:49 [INFO ] [MW03] INICIANDO — preencher campo senha
12:44:50 [INFO ] [MW03] OK | 703ms | screenshot: evidence\2026-04-27\msi3_login_session\MW03_senha.png
12:44:50 [INFO ] [MW04] INICIANDO — submeter formulário de login
12:45:02 [INFO ] [MW04] OK | 12517ms | screenshot: evidence\2026-04-27\msi3_login_session\MW04_submetido.png
12:45:02 [INFO ] [MW05] INICIANDO — validar login bem-sucedido
12:45:02 [INFO ] [MW05] OK | 97ms | screenshot: evidence\2026-04-27\msi3_login_session\MW05_principal.png
12:45:02 [INFO ] Flow LoginFlowMsi3 — PASSOU | 5/5 steps OK | 15336ms total
12:45:02 [INFO ] Execução finalizada — PASSOU | 5/5 steps OK | 18.5s total
12:45:02 [INFO ] Relatório JSON salvo em: evidence\2026-04-27\msi3_login_session\execution.json
12:45:02 [INFO ] Relatório HTML salvo em: evidence\2026-04-27\msi3_login_session\report.html
12:49:59 [INFO ] Iniciando execução: msi3_login_session
12:49:59 [INFO ] Evidências em: evidence\2026-04-27\msi3_login_session\
12:50:04 [INFO ] [MW01] INICIANDO — abrir página de login
12:50:06 [INFO ] [MW01] OK | 1317ms | screenshot: evidence\2026-04-27\msi3_login_session\MW01_pagina.png
12:50:06 [INFO ] [MW02] INICIANDO — preencher campo usuário
12:50:07 [INFO ] [MW02] OK | 769ms | screenshot: evidence\2026-04-27\msi3_login_session\MW02_usuario.png
12:50:07 [INFO ] [MW03] INICIANDO — preencher campo senha
12:50:07 [INFO ] [MW03] OK | 710ms | screenshot: evidence\2026-04-27\msi3_login_session\MW03_senha.png
12:50:07 [INFO ] [MW04] INICIANDO — submeter formulário de login
12:50:20 [INFO ] [MW04] OK | 12550ms | screenshot: evidence\2026-04-27\msi3_login_session\MW04_submetido.png
12:50:20 [INFO ] [MW05] INICIANDO — validar login bem-sucedido
12:50:20 [INFO ] [MW05] OK | 95ms | screenshot: evidence\2026-04-27\msi3_login_session\MW05_principal.png
12:50:20 [INFO ] Flow LoginFlowMsi3 — PASSOU | 5/5 steps OK | 15440ms total
12:50:20 [INFO ] Execução finalizada — PASSOU | 5/5 steps OK | 20.5s total
12:50:20 [INFO ] Relatório JSON salvo em: evidence\2026-04-27\msi3_login_session\execution.json
12:50:20 [INFO ] Relatório HTML salvo em: evidence\2026-04-27\msi3_login_session\report.html
12:51:41 [INFO ] Iniciando execução: msi3_login_session
12:51:41 [INFO ] Evidências em: evidence\2026-04-27\msi3_login_session\
12:51:44 [INFO ] [MW01] INICIANDO — abrir página de login
12:51:46 [INFO ] [MW01] OK | 1319ms | screenshot: evidence\2026-04-27\msi3_login_session\MW01_pagina.png
12:51:46 [INFO ] [MW02] INICIANDO — preencher campo usuário
12:51:46 [INFO ] [MW02] OK | 767ms | screenshot: evidence\2026-04-27\msi3_login_session\MW02_usuario.png
12:51:46 [INFO ] [MW03] INICIANDO — preencher campo senha
12:51:47 [INFO ] [MW03] OK | 720ms | screenshot: evidence\2026-04-27\msi3_login_session\MW03_senha.png
12:51:47 [INFO ] [MW04] INICIANDO — submeter formulário de login
12:52:00 [INFO ] [MW04] OK | 12518ms | screenshot: evidence\2026-04-27\msi3_login_session\MW04_submetido.png
12:52:00 [INFO ] [MW05] INICIANDO — validar login bem-sucedido
12:52:00 [INFO ] [MW05] OK | 97ms | screenshot: evidence\2026-04-27\msi3_login_session\MW05_principal.png
12:52:00 [INFO ] Flow LoginFlowMsi3 — PASSOU | 5/5 steps OK | 15420ms total
12:52:00 [INFO ] Execução finalizada — PASSOU | 5/5 steps OK | 18.3s total
12:52:00 [INFO ] Relatório JSON salvo em: evidence\2026-04-27\msi3_login_session\execution.json
12:52:00 [INFO ] Relatório HTML salvo em: evidence\2026-04-27\msi3_login_session\report.html
